{
  "RSpec": {
    "coverage": {
      "/Users/bradwheel/Development/open_exam/open-exam/config/environment.rb": [
        null,
        1,
        null,
        null,
        1
      ],
      "/Users/bradwheel/Development/open_exam/open-exam/config/application.rb": [
        1,
        null,
        null,
        1,
        1,
        1,
        1,
        1,
        null,
        null,
        1,
        null,
        1,
        null,
        null,
        null,
        null,
        1,
        null,
        1,
        1,
        1,
        1,
        null,
        null,
        null,
        null,
        null,
        null,
        null,
        null,
        null,
        null,
        null,
        null,
        null,
        null,
        null,
        null,
        null,
        null,
        null,
        null,
        null,
        null,
        null,
        null,
        null,
        null,
        1,
        null,
        null,
        1,
        null,
        null,
        1,
        null,
        null,
        null,
        null,
        null,
        null,
        null,
        null,
        null,
        null,
        1,
        null,
        null,
        1,
        null,
        null,
        1,
        null,
        null
      ],
      "/Users/bradwheel/Development/open_exam/open-exam/config/boot.rb": [
        1,
        null,
        null,
        1,
        null,
        1
      ],
      "/Users/bradwheel/Development/open_exam/open-exam/config/environments/test.rb": [
        1,
        null,
        null,
        null,
        null,
        null,
        null,
        1,
        null,
        null,
        1,
        1,
        null,
        null,
        1,
        null,
        null,
        1,
        1,
        null,
        null,
        1,
        null,
        null,
        1,
        null,
        null,
        null,
        null,
        1,
        null,
        null,
        1,
        null,
        null,
        1,
        null
      ],
      "/Users/bradwheel/Development/open_exam/open-exam/config/initializers/backtrace_silencers.rb": [
        null,
        null,
        null,
        null,
        null,
        null,
        null
      ],
      "/Users/bradwheel/Development/open_exam/open-exam/config/initializers/inflections.rb": [
        null,
        null,
        null,
        null,
        null,
        null,
        null,
        null,
        null,
        null,
        null,
        null,
        null,
        null,
        null
      ],
      "/Users/bradwheel/Development/open_exam/open-exam/config/initializers/mime_types.rb": [
        null,
        null,
        null,
        null,
        null
      ],
      "/Users/bradwheel/Development/open_exam/open-exam/config/initializers/requires.rb": [
        1
      ],
      "/Users/bradwheel/Development/open_exam/open-exam/lib/extensions/active_record.rb": [
        1,
        1,
        1,
        0,
        0,
        0,
        0,
        null,
        0,
        0,
        null,
        0,
        0,
        null,
        null,
        null,
        null
      ],
      "/Users/bradwheel/Development/open_exam/open-exam/config/initializers/secret_token.rb": [
        null,
        null,
        null,
        null,
        null,
        null,
        1
      ],
      "/Users/bradwheel/Development/open_exam/open-exam/config/initializers/session_store.rb": [
        null,
        1,
        null,
        0,
        null,
        0,
        null,
        null,
        1,
        null,
        null,
        null,
        null,
        null
      ],
      "/Users/bradwheel/Development/open_exam/open-exam/config/initializers/wrap_parameters.rb": [
        null,
        null,
        null,
        null,
        null,
        null,
        1,
        1,
        null,
        null,
        null,
        1,
        1,
        null
      ],
      "/Users/bradwheel/Development/open_exam/open-exam/app/controllers/admin_controller.rb": [
        1,
        1,
        1,
        null,
        null,
        null,
        1,
        0,
        0,
        0,
        null,
        0,
        0,
        null,
        null,
        null,
        1,
        null,
        0,
        null,
        0,
        0,
        null,
        null,
        null
      ],
      "/Users/bradwheel/Development/open_exam/open-exam/app/controllers/application_controller.rb": [
        1,
        1,
        null,
        null,
        1,
        0,
        0,
        null,
        null,
        1,
        0,
        null,
        null,
        1,
        null,
        1,
        0,
        0,
        0,
        null,
        0,
        0,
        null,
        null,
        null,
        1,
        0,
        null,
        null,
        1,
        0,
        null,
        null,
        1,
        0,
        null,
        null,
        1,
        0,
        null,
        null,
        1,
        0,
        null,
        null,
        1,
        null,
        1,
        0,
        null,
        null,
        1,
        0,
        null,
        null,
        1,
        0,
        null,
        1,
        null,
        1,
        1,
        0,
        0,
        0,
        null,
        null,
        null,
        1,
        0,
        null,
        null,
        null
      ],
      "/Users/bradwheel/Development/open_exam/open-exam/app/helpers/application_helper.rb": [
        1,
        1,
        0,
        0,
        0,
        0,
        null,
        0,
        null,
        null,
        1,
        0,
        null,
        null,
        1,
        0,
        0,
        0,
        0,
        0,
        null,
        null,
        null
      ],
      "/Users/bradwheel/Development/open_exam/open-exam/app/helpers/admins_helper.rb": [
        1,
        null,
        1,
        0,
        0,
        null,
        0,
        null,
        null,
        null,
        null
      ],
      "/Users/bradwheel/Development/open_exam/open-exam/app/helpers/choices_helper.rb": [
        1,
        null
      ],
      "/Users/bradwheel/Development/open_exam/open-exam/app/helpers/errors_helper.rb": [
        1,
        null
      ],
      "/Users/bradwheel/Development/open_exam/open-exam/app/helpers/homepage_helper.rb": [
        1,
        null
      ],
      "/Users/bradwheel/Development/open_exam/open-exam/app/helpers/info_helper.rb": [
        1,
        null
      ],
      "/Users/bradwheel/Development/open_exam/open-exam/app/helpers/organizations_helper.rb": [
        1,
        null
      ],
      "/Users/bradwheel/Development/open_exam/open-exam/app/helpers/questions_helper.rb": [
        1,
        null
      ],
      "/Users/bradwheel/Development/open_exam/open-exam/app/helpers/questions/answers_helper.rb": [
        1,
        null
      ],
      "/Users/bradwheel/Development/open_exam/open-exam/app/helpers/quizzes_helper.rb": [
        1,
        null,
        null
      ],
      "/Users/bradwheel/Development/open_exam/open-exam/app/helpers/sessions_helper.rb": [
        1,
        null
      ],
      "/Users/bradwheel/Development/open_exam/open-exam/app/helpers/user_helper.rb": [
        1,
        null
      ],
      "/Users/bradwheel/Development/open_exam/open-exam/app/controllers/choices_controller.rb": [
        1,
        null,
        null,
        1,
        0,
        null,
        0,
        0,
        0,
        null,
        null,
        null,
        null,
        null,
        1,
        0,
        null,
        0,
        0,
        0,
        null,
        null,
        null,
        null,
        null,
        1,
        0,
        null,
        0,
        0,
        0,
        null,
        null,
        null,
        null,
        1,
        0,
        null,
        null,
        null,
        null,
        1,
        0,
        null,
        0,
        0,
        0,
        0,
        null,
        0,
        0,
        null,
        null,
        null,
        null,
        null,
        null,
        1,
        0,
        null,
        0,
        0,
        0,
        0,
        null,
        0,
        0,
        null,
        null,
        null,
        null,
        null,
        null,
        1,
        0,
        0,
        null,
        0,
        0,
        0,
        null,
        null,
        null
      ],
      "/Users/bradwheel/Development/open_exam/open-exam/app/models/choice.rb": [
        null,
        null,
        null,
        null,
        null,
        null,
        null,
        null,
        null,
        null,
        null,
        null,
        1,
        1,
        null,
        1,
        1,
        null,
        1,
        null,
        1,
        null,
        1,
        0,
        null,
        null
      ],
      "/Users/bradwheel/Development/open_exam/open-exam/app/controllers/errors_controller.rb": [
        1,
        1,
        0,
        null,
        null,
        1,
        null,
        null
      ],
      "/Users/bradwheel/Development/open_exam/open-exam/app/controllers/homepage_controller.rb": [
        1,
        1,
        null,
        null,
        null
      ],
      "/Users/bradwheel/Development/open_exam/open-exam/app/controllers/info_controller.rb": [
        1,
        1,
        null,
        null,
        1,
        null,
        null
      ],
      "/Users/bradwheel/Development/open_exam/open-exam/app/controllers/organizations_controller.rb": [
        1,
        1,
        1,
        1,
        1,
        1,
        null,
        null,
        1,
        0,
        null,
        0,
        0,
        0,
        null,
        null,
        null,
        null,
        null,
        1,
        0,
        null,
        0,
        0,
        0,
        null,
        null,
        null,
        null,
        null,
        1,
        0,
        0,
        null,
        0,
        0,
        0,
        null,
        null,
        null,
        null,
        1,
        0,
        null,
        null,
        null,
        null,
        1,
        null,
        0,
        0,
        null,
        0,
        0,
        0,
        0,
        0,
        0,
        null,
        0,
        0,
        null,
        null,
        null,
        null,
        null,
        null,
        1,
        0,
        null,
        0,
        0,
        0,
        0,
        null,
        0,
        0,
        null,
        null,
        null,
        null,
        null,
        null,
        1,
        0,
        0,
        null,
        0,
        0,
        0,
        null,
        null,
        null,
        1,
        null,
        1,
        0,
        0,
        null,
        null,
        null
      ],
      "/Users/bradwheel/Development/open_exam/open-exam/app/models/organization.rb": [
        null,
        null,
        null,
        null,
        null,
        null,
        null,
        null,
        null,
        null,
        null,
        null,
        1,
        1,
        null,
        1,
        null,
        1,
        1,
        null,
        1,
        1,
        null,
        1,
        0,
        null,
        null
      ],
      "/Users/bradwheel/Development/open_exam/open-exam/app/controllers/questions/answers_controller.rb": [
        1,
        1,
        1,
        1,
        null,
        null,
        null,
        1,
        0,
        null,
        0,
        0,
        0,
        null,
        null,
        null,
        null,
        null,
        1,
        null,
        0,
        0,
        null,
        0,
        0,
        0,
        null,
        null,
        null,
        null,
        null,
        1,
        0,
        0,
        null,
        0,
        0,
        null,
        null,
        0,
        0,
        0,
        null,
        null,
        null,
        null,
        null,
        null,
        null,
        null,
        null,
        null,
        1,
        0,
        0,
        0,
        0,
        null,
        0,
        0,
        0,
        0,
        0,
        0,
        null,
        0,
        null,
        null,
        null,
        null,
        null,
        0,
        null,
        null,
        null,
        0,
        null,
        null,
        null,
        null,
        null,
        null,
        1,
        0,
        null,
        0,
        0,
        0,
        0,
        null,
        0,
        0,
        null,
        null,
        null,
        null,
        null,
        null,
        1,
        0,
        0,
        null,
        0,
        0,
        0,
        null,
        null,
        null,
        1,
        1,
        0,
        0,
        null,
        null,
        null,
        null,
        null
      ],
      "/Users/bradwheel/Development/open_exam/open-exam/app/models/answer.rb": [
        null,
        null,
        null,
        null,
        null,
        null,
        null,
        null,
        null,
        null,
        null,
        null,
        null,
        null,
        1,
        1,
        null,
        1,
        1,
        1,
        1,
        null,
        1,
        1,
        1,
        1,
        null,
        1,
        null
      ],
      "/Users/bradwheel/Development/open_exam/open-exam/app/controllers/questions_controller.rb": [
        1,
        1,
        null,
        null,
        null,
        1,
        null,
        null,
        0,
        0,
        0,
        null,
        null,
        null,
        null,
        null,
        1,
        0,
        null,
        0,
        0,
        0,
        null,
        null,
        null,
        null,
        null,
        1,
        0,
        0,
        null,
        0,
        0,
        0,
        0,
        0,
        0,
        null,
        0,
        null,
        null,
        null,
        null,
        null,
        1,
        0,
        null,
        0,
        null,
        null,
        null,
        null,
        1,
        0,
        0,
        0,
        0,
        0,
        null,
        null,
        0,
        0,
        0,
        0,
        null,
        0,
        0,
        null,
        null,
        null,
        null,
        null,
        null,
        1,
        0,
        null,
        0,
        0,
        0,
        0,
        null,
        0,
        0,
        null,
        null,
        null,
        null,
        null,
        null,
        1,
        0,
        0,
        null,
        0,
        0,
        0,
        null,
        null,
        null
      ],
      "/Users/bradwheel/Development/open_exam/open-exam/app/models/question.rb": [
        null,
        null,
        null,
        null,
        null,
        null,
        null,
        null,
        null,
        null,
        null,
        null,
        null,
        null,
        1,
        1,
        null,
        1,
        1,
        1,
        1,
        null,
        1,
        null,
        1,
        1,
        null,
        1,
        1,
        1,
        1,
        null,
        1,
        0,
        null,
        null,
        1,
        0,
        null,
        null,
        1,
        0,
        null,
        null,
        1,
        0,
        null,
        null,
        1,
        0,
        null,
        null
      ],
      "/Users/bradwheel/Development/open_exam/open-exam/app/controllers/quizzes_controller.rb": [
        1,
        null,
        null,
        1,
        1,
        1,
        null,
        1,
        0,
        0,
        0,
        null,
        0,
        0,
        0,
        null,
        null,
        null,
        1,
        0,
        null,
        0,
        0,
        0,
        null,
        null,
        null,
        1,
        0,
        0,
        null,
        null,
        1,
        0,
        0,
        0,
        0,
        0,
        null,
        null,
        null,
        null,
        null,
        1,
        0,
        null,
        0,
        0,
        0,
        null,
        null,
        null,
        null,
        null,
        1,
        0,
        null,
        0,
        0,
        0,
        null,
        null,
        null,
        null,
        1,
        0,
        0,
        null,
        null,
        null,
        null,
        1,
        0,
        null,
        0,
        0,
        0,
        0,
        null,
        0,
        0,
        null,
        null,
        null,
        null,
        null,
        null,
        1,
        0,
        null,
        0,
        null,
        0,
        null,
        null,
        0,
        null,
        0,
        0,
        0,
        null,
        0,
        0,
        null,
        null,
        null,
        null,
        null,
        null,
        1,
        0,
        0,
        null,
        0,
        0,
        0,
        null,
        null,
        null,
        1,
        0,
        null,
        0,
        0,
        0,
        0,
        0,
        0,
        null,
        0,
        null,
        0,
        null,
        null,
        null,
        null,
        null,
        null,
        null,
        null
      ],
      "/Users/bradwheel/Development/open_exam/open-exam/app/models/quiz.rb": [
        null,
        null,
        null,
        null,
        null,
        null,
        null,
        null,
        null,
        null,
        null,
        null,
        null,
        null,
        null,
        1,
        1,
        null,
        1,
        1,
        1,
        1,
        1,
        null,
        1,
        1,
        1,
        1,
        null,
        1,
        null,
        1,
        0,
        null,
        null,
        1,
        0,
        null,
        null,
        1,
        0,
        null,
        0,
        null,
        null,
        null,
        null,
        null,
        null,
        1,
        0,
        null,
        null,
        1,
        0,
        null,
        null,
        1,
        0,
        null,
        null,
        1,
        0,
        null,
        null,
        1,
        0,
        null,
        null,
        1,
        0,
        null,
        0,
        null,
        0,
        null,
        null,
        null,
        1,
        0,
        null,
        null,
        1,
        0,
        null,
        null,
        null,
        null,
        1,
        0,
        null,
        null,
        null,
        null,
        null,
        null,
        null,
        1,
        null,
        1,
        0,
        null,
        null,
        1,
        0,
        null,
        null,
        1,
        0,
        null,
        null,
        1,
        0,
        null,
        null,
        null,
        null
      ],
      "/Users/bradwheel/Development/open_exam/open-exam/app/controllers/sessions_controller.rb": [
        1,
        1,
        null,
        0,
        0,
        0,
        0,
        null,
        0,
        null,
        null,
        0,
        null,
        null,
        null,
        null,
        1,
        0,
        0,
        0,
        0,
        0,
        null,
        0,
        null,
        null,
        null,
        0,
        0,
        null,
        null,
        null,
        1,
        0,
        0,
        0,
        null,
        null,
        1,
        1,
        0,
        0,
        null,
        null,
        1,
        0,
        null,
        null,
        null
      ],
      "/Users/bradwheel/Development/open_exam/open-exam/app/controllers/users_controller.rb": [
        1,
        1,
        1,
        1,
        null,
        1,
        0,
        null,
        0,
        0,
        0,
        null,
        null,
        null,
        1,
        null,
        null,
        1,
        0,
        0,
        null,
        0,
        0,
        0,
        null,
        null,
        null,
        null,
        null,
        1,
        0,
        0,
        0,
        0,
        null,
        0,
        0,
        null,
        0,
        0,
        null,
        null,
        null,
        null,
        null,
        null,
        null,
        1,
        0,
        null,
        0,
        0,
        0,
        null,
        null,
        null,
        null,
        1,
        0,
        null,
        null,
        null,
        null,
        1,
        0,
        0,
        null,
        0,
        0,
        0,
        0,
        0,
        null,
        null,
        0,
        0,
        0,
        0,
        null,
        0,
        0,
        null,
        null,
        null,
        null,
        null,
        null,
        1,
        0,
        null,
        0,
        0,
        0,
        0,
        null,
        0,
        0,
        null,
        null,
        null,
        null,
        null,
        null,
        1,
        0,
        0,
        null,
        0,
        0,
        0,
        null,
        null,
        null,
        null
      ],
      "/Users/bradwheel/Development/open_exam/open-exam/app/models/user.rb": [
        1,
        null,
        null,
        null,
        null,
        null,
        null,
        null,
        null,
        null,
        null,
        null,
        null,
        null,
        null,
        1,
        1,
        1,
        1,
        1,
        1,
        1,
        1,
        null,
        1,
        1,
        1,
        null,
        1,
        1,
        null,
        1,
        0,
        null,
        null,
        1,
        0,
        null,
        null,
        1,
        0,
        null,
        null,
        1,
        0,
        null,
        null,
        1,
        0,
        null,
        null,
        null,
        null,
        null,
        1,
        0,
        null,
        null,
        1,
        0,
        null,
        null,
        1,
        0,
        null,
        null
      ],
      "/Users/bradwheel/Development/open_exam/open-exam/app/mailers/open_exam_mailer.rb": [
        1,
        1,
        null,
        1,
        0,
        0,
        null,
        null,
        1,
        0,
        0,
        null,
        null,
        1,
        0,
        0,
        null,
        null
      ],
      "/Users/bradwheel/Development/open_exam/open-exam/app/models/quiz_grader.rb": [
        1,
        1,
        0,
        null,
        null,
        1,
        0,
        0,
        0,
        null,
        null,
        1,
        0,
        0,
        null,
        null,
        1,
        0,
        0,
        0,
        null,
        null,
        1,
        0,
        0,
        0,
        null,
        null,
        1,
        0,
        0,
        null,
        null,
        null,
        1,
        0,
        null,
        null,
        1,
        0,
        null,
        null,
        1,
        0,
        0,
        null,
        null,
        1,
        0,
        0,
        null,
        null,
        1,
        0,
        0,
        0,
        0,
        null,
        0,
        null,
        null,
        null,
        1,
        0,
        0,
        0,
        0,
        null,
        0,
        null,
        null,
        null,
        1,
        null,
        0,
        null,
        null
      ],
      "/Users/bradwheel/Development/open_exam/open-exam/app/models/user_quiz.rb": [
        null,
        null,
        null,
        null,
        null,
        null,
        null,
        null,
        null,
        null,
        null,
        null,
        null,
        null,
        1,
        1,
        null,
        1,
        1,
        null,
        null
      ],
      "/Users/bradwheel/Development/open_exam/open-exam/config/routes.rb": [
        1,
        null,
        1,
        null,
        1,
        null,
        1,
        1,
        null,
        1,
        1,
        1,
        null,
        1,
        1,
        null,
        1,
        null,
        1,
        null,
        1,
        1,
        null,
        1,
        null,
        1,
        1,
        null,
        1,
        null,
        1,
        null,
        1,
        null,
        1,
        null,
        1,
        1,
        null,
        null,
        null,
        null,
        null,
        null,
        null,
        null,
        null,
        null,
        null,
        null,
        null,
        null,
        null,
        null,
        null,
        null,
        null,
        null,
        null,
        null,
        null,
        null,
        null,
        null,
        null,
        null,
        null,
        null,
        null,
        null,
        null,
        null,
        null,
        null,
        null,
        null,
        null,
        null,
        null,
        null,
        null,
        null,
        null,
        null,
        null,
        null,
        null,
        null,
        null,
        null,
        1,
        null,
        null,
        null,
        null,
        null,
        null,
        1,
        0,
        null,
        null,
        null
      ],
      "/Users/bradwheel/Development/open_exam/open-exam/spec/controllers/errors_controller_spec.rb": [
        1,
        null,
        1,
        null,
        null,
        null
      ],
      "/Users/bradwheel/Development/open_exam/open-exam/spec/controllers/homepage_controller_spec.rb": [
        1,
        null,
        1,
        null,
        null,
        null
      ],
      "/Users/bradwheel/Development/open_exam/open-exam/spec/controllers/info_controller_spec.rb": [
        1,
        null,
        1,
        null,
        null,
        null,
        null
      ],
      "/Users/bradwheel/Development/open_exam/open-exam/spec/controllers/organizations_controller_spec.rb": [
        1,
        null,
        null,
        null,
        null,
        null,
        null,
        null,
        null,
        null,
        null,
        null,
        null,
        null,
        null,
        null,
        null,
        null,
        null,
        null,
        1,
        null,
        null,
        null,
        null
      ],
      "/Users/bradwheel/Development/open_exam/open-exam/spec/controllers/questions/answers_controller_spec.rb": [
        1,
        null,
        null,
        null,
        null,
        null,
        null,
        null,
        null,
        null,
        null,
        null,
        null,
        null,
        null,
        null,
        null,
        null,
        null,
        null,
        null,
        null,
        null,
        null,
        null,
        null,
        null,
        null,
        null,
        null,
        null,
        null,
        null,
        null,
        null,
        null,
        null,
        null,
        null,
        null,
        null,
        null,
        null,
        null,
        null,
        null,
        null,
        null,
        null,
        null,
        null,
        null,
        null,
        null,
        null,
        null,
        null,
        null,
        null,
        null,
        null,
        null,
        null,
        null,
        null,
        null,
        null,
        null,
        null,
        null,
        null,
        null,
        null,
        null,
        null,
        null,
        null,
        null,
        null,
        null,
        null,
        null,
        null,
        null,
        null,
        null,
        null,
        null,
        null,
        null,
        null,
        null,
        null,
        null,
        null,
        null,
        null,
        null,
        null,
        null,
        null,
        null,
        null,
        null,
        null,
        null,
        null,
        null,
        null,
        null,
        null,
        null,
        null,
        null,
        null,
        null,
        null,
        null,
        null,
        null,
        null,
        null,
        null,
        null,
        null,
        null,
        null,
        null,
        null,
        null,
        null,
        null,
        null,
        null,
        null,
        null,
        null,
        null,
        null,
        null,
        null,
        null,
        null,
        null,
        null,
        null,
        null,
        null,
        null,
        null,
        null,
        null,
        null,
        null,
        null,
        null,
        null,
        null,
        null,
        null,
        null,
        null,
        null,
        null
      ],
      "/Users/bradwheel/Development/open_exam/open-exam/spec/controllers/questions_controller_spec.rb": [
        1,
        null,
        null,
        null,
        null,
        null,
        null,
        null,
        null,
        null,
        null,
        null,
        null,
        null,
        null,
        null,
        null,
        null,
        null,
        null,
        1,
        null,
        null,
        null
      ],
      "/Users/bradwheel/Development/open_exam/open-exam/spec/controllers/quizzes_controller_spec.rb": [

      ],
      "/Users/bradwheel/Development/open_exam/open-exam/spec/controllers/sessions_controller_spec.rb": [
        1,
        null,
        1,
        null,
        null,
        null
      ],
      "/Users/bradwheel/Development/open_exam/open-exam/spec/controllers/users_controller_spec.rb": [
        1,
        null,
        1,
        null,
        null
      ],
      "/Users/bradwheel/Development/open_exam/open-exam/spec/helpers/admins_helper_spec.rb": [
        1,
        null,
        null,
        null,
        null,
        null,
        null,
        null,
        null,
        null,
        null,
        null,
        1,
        null
      ],
      "/Users/bradwheel/Development/open_exam/open-exam/spec/helpers/choices_helper_spec.rb": [
        1,
        null,
        null,
        null,
        null,
        null,
        null,
        null,
        null,
        null,
        null,
        null,
        1,
        null
      ],
      "/Users/bradwheel/Development/open_exam/open-exam/spec/helpers/errors_helper_spec.rb": [
        1,
        null,
        null,
        null,
        null,
        null,
        null,
        null,
        null,
        null,
        null,
        null,
        1,
        null
      ],
      "/Users/bradwheel/Development/open_exam/open-exam/spec/helpers/homepage_helper_spec.rb": [
        1,
        null,
        null,
        null,
        null,
        null,
        null,
        null,
        null,
        null,
        null,
        null,
        1,
        null
      ],
      "/Users/bradwheel/Development/open_exam/open-exam/spec/helpers/info_helper_spec.rb": [
        1,
        null,
        null,
        null,
        null,
        null,
        null,
        null,
        null,
        null,
        null,
        null,
        1,
        null
      ],
      "/Users/bradwheel/Development/open_exam/open-exam/spec/helpers/organizations_helper_spec.rb": [
        1,
        null,
        null,
        null,
        null,
        null,
        null,
        null,
        null,
        null,
        null,
        null,
        1,
        null
      ],
      "/Users/bradwheel/Development/open_exam/open-exam/spec/helpers/questions/answers_helper_spec.rb": [
        1,
        null,
        null,
        null,
        null,
        null,
        null,
        null,
        null,
        null,
        null,
        null,
        1,
        1,
        null
      ],
      "/Users/bradwheel/Development/open_exam/open-exam/spec/helpers/questions_helper_spec.rb": [
        1,
        null,
        null,
        null,
        null,
        null,
        null,
        null,
        null,
        null,
        null,
        null,
        1,
        null
      ],
      "/Users/bradwheel/Development/open_exam/open-exam/spec/helpers/quizzes_helper_spec.rb": [
        1,
        null,
        null,
        null,
        null,
        null,
        null,
        null,
        null,
        null,
        null,
        null,
        1,
        null
      ],
      "/Users/bradwheel/Development/open_exam/open-exam/spec/helpers/sessions_helper_spec.rb": [
        1,
        null,
        null,
        null,
        null,
        null,
        null,
        null,
        null,
        null,
        null,
        null,
        1,
        null
      ],
      "/Users/bradwheel/Development/open_exam/open-exam/spec/helpers/users_helper_spec.rb": [
        1,
        null,
        null,
        null,
        null,
        null,
        null,
        null,
        null,
        null,
        null,
        null,
        1,
        null
      ],
      "/Users/bradwheel/Development/open_exam/open-exam/spec/mailers/open_exam_mailer_spec.rb": [
        1,
        null,
        1,
        1,
        null
      ],
      "/Users/bradwheel/Development/open_exam/open-exam/spec/models/answer_spec.rb": [
        1,
        null,
        1,
        null
      ],
      "/Users/bradwheel/Development/open_exam/open-exam/spec/models/choice_spec.rb": [
        1,
        null,
        1,
        null,
        null,
        null,
        null,
        null
      ],
      "/Users/bradwheel/Development/open_exam/open-exam/spec/models/organization_spec.rb": [
        1,
        null,
        1,
        null
      ],
      "/Users/bradwheel/Development/open_exam/open-exam/spec/models/question_spec.rb": [
        1,
        null,
        1,
        null,
        null
      ],
      "/Users/bradwheel/Development/open_exam/open-exam/spec/models/quiz_spec.rb": [
        1,
        null,
        1,
        null,
        null
      ],
      "/Users/bradwheel/Development/open_exam/open-exam/spec/models/user_quiz_spec.rb": [
        1,
        null,
        1,
        null
      ],
      "/Users/bradwheel/Development/open_exam/open-exam/spec/models/user_spec.rb": [
        1,
        null,
        1,
        null
      ],
      "/Users/bradwheel/Development/open_exam/open-exam/spec/requests/admins_spec.rb": [
        1,
        null,
        1,
        null,
        null
      ],
      "/Users/bradwheel/Development/open_exam/open-exam/spec/requests/organizations_spec.rb": [
        1,
        null,
        1,
        null,
        null
      ],
      "/Users/bradwheel/Development/open_exam/open-exam/spec/requests/questions/question_answers_spec.rb": [
        1,
        null,
        1,
        null,
        null
      ],
      "/Users/bradwheel/Development/open_exam/open-exam/spec/requests/questions_spec.rb": [
        1,
        null,
        1,
        null,
        null
      ],
      "/Users/bradwheel/Development/open_exam/open-exam/spec/requests/quizzes_spec.rb": [
        1,
        null,
        1,
        null,
        null
      ],
      "/Users/bradwheel/Development/open_exam/open-exam/spec/routing/organizations_routing_spec.rb": [
        1,
        null,
        1,
        null,
        null
      ],
      "/Users/bradwheel/Development/open_exam/open-exam/spec/routing/quizzes_routing_spec.rb": [
        1,
        null,
        1,
        null,
        null
      ],
      "/Users/bradwheel/Development/open_exam/open-exam/spec/views/admins/edit.html.erb_spec.rb": [
        1,
        null,
        1,
        null,
        null
      ],
      "/Users/bradwheel/Development/open_exam/open-exam/spec/views/admins/index.html.erb_spec.rb": [
        1,
        null,
        1,
        null,
        null
      ],
      "/Users/bradwheel/Development/open_exam/open-exam/spec/views/admins/new.html.erb_spec.rb": [
        1,
        null,
        1,
        null,
        null
      ],
      "/Users/bradwheel/Development/open_exam/open-exam/spec/views/admins/show.html.erb_spec.rb": [
        1,
        null,
        1,
        null,
        null
      ],
      "/Users/bradwheel/Development/open_exam/open-exam/spec/views/errors/error_404.html.erb_spec.rb": [
        1,
        null,
        1,
        null
      ],
      "/Users/bradwheel/Development/open_exam/open-exam/spec/views/errors/error_500.html.erb_spec.rb": [
        1,
        null,
        1,
        null
      ],
      "/Users/bradwheel/Development/open_exam/open-exam/spec/views/homepage/index.html.erb_spec.rb": [
        1,
        null,
        1,
        null
      ],
      "/Users/bradwheel/Development/open_exam/open-exam/spec/views/organizations/edit.html.erb_spec.rb": [
        1,
        null,
        1,
        null,
        null
      ],
      "/Users/bradwheel/Development/open_exam/open-exam/spec/views/organizations/index.html.erb_spec.rb": [
        1,
        null,
        1,
        1,
        1,
        null,
        null,
        null,
        null,
        null,
        1,
        1,
        null,
        null,
        null
      ],
      "/Users/bradwheel/Development/open_exam/open-exam/spec/views/organizations/new.html.erb_spec.rb": [
        1,
        null,
        1,
        null,
        null
      ],
      "/Users/bradwheel/Development/open_exam/open-exam/spec/views/organizations/show.html.erb_spec.rb": [
        1,
        null,
        1,
        1,
        1,
        null,
        null,
        1,
        1,
        null,
        null,
        null
      ],
      "/Users/bradwheel/Development/open_exam/open-exam/spec/views/questions/edit.html.erb_spec.rb": [
        1,
        null,
        1,
        null,
        null
      ],
      "/Users/bradwheel/Development/open_exam/open-exam/spec/views/questions/index.html.erb_spec.rb": [
        1,
        null,
        1,
        null,
        null
      ],
      "/Users/bradwheel/Development/open_exam/open-exam/spec/views/questions/new.html.erb_spec.rb": [
        1,
        null,
        1,
        null,
        null
      ],
      "/Users/bradwheel/Development/open_exam/open-exam/spec/views/questions/show.html.erb_spec.rb": [
        1,
        null,
        1,
        null,
        null
      ],
      "/Users/bradwheel/Development/open_exam/open-exam/spec/views/quizzes/edit.html.erb_spec.rb": [
        1,
        null,
        1,
        null,
        null
      ],
      "/Users/bradwheel/Development/open_exam/open-exam/spec/views/quizzes/index.html.erb_spec.rb": [
        1,
        null,
        1,
        null,
        null,
        null,
        null,
        null,
        null,
        null,
        null,
        null,
        null,
        null,
        null
      ],
      "/Users/bradwheel/Development/open_exam/open-exam/spec/views/quizzes/new.html.erb_spec.rb": [
        1,
        null,
        1,
        null,
        null,
        null,
        null,
        null,
        null,
        null,
        null,
        null,
        null,
        null,
        null
      ],
      "/Users/bradwheel/Development/open_exam/open-exam/spec/views/quizzes/show.html.erb_spec.rb": [
        1,
        null,
        1,
        null,
        null,
        null,
        null,
        null,
        null,
        null,
        null,
        null
      ],
      "/Users/bradwheel/Development/open_exam/open-exam/spec/views/sessions/new.html.erb_spec.rb": [
        1,
        null,
        1,
        1,
        null
      ]
    },
    "timestamp": 1355259713
  }
}
